ARM GAS  /var/folders/bq/yv49bw8j2kd6w3hsq868qv180000gn/T//ccF8g7hh.s 			page 1


   1              		.cpu cortex-m0plus
   2              		.eabi_attribute 23, 1
   3              		.eabi_attribute 24, 1
   4              		.eabi_attribute 25, 1
   5              		.eabi_attribute 26, 1
   6              		.eabi_attribute 30, 4
   7              		.eabi_attribute 34, 0
   8              		.eabi_attribute 18, 4
   9              		.file	"git_version.c"
  10              		.text
  11              	.Ltext0:
  12              		.cfi_sections	.debug_frame
  13              		.section	.rodata.get_software_git_version.str1.1,"aMS",%progbits,1
  14              	.LC0:
  15 0000 00       		.ascii	"\000"
  16              		.section	.text.get_software_git_version,"ax",%progbits
  17              		.align	1
  18              		.global	get_software_git_version
  19              		.arch armv6s-m
  20              		.syntax unified
  21              		.code	16
  22              		.thumb_func
  23              		.fpu softvfp
  25              	get_software_git_version:
  26              	.LFB0:
  27              		.file 1 "user_app/git_version.c"
   1:user_app/git_version.c **** /*!
   2:user_app/git_version.c ****  * \file      git_version.c
   3:user_app/git_version.c ****  *
   4:user_app/git_version.c ****  * \brief     handle git version status
   5:user_app/git_version.c ****  *
   6:user_app/git_version.c ****  * Revised BSD License
   7:user_app/git_version.c ****  * Copyright Semtech Corporation 2020. All rights reserved.
   8:user_app/git_version.c ****  *
   9:user_app/git_version.c ****  * Redistribution and use in source and binary forms, with or without
  10:user_app/git_version.c ****  * modification, are permitted provided that the following conditions are met:
  11:user_app/git_version.c ****  *     * Redistributions of source code must retain the above copyright
  12:user_app/git_version.c ****  *       notice, this list of conditions and the following disclaimer.
  13:user_app/git_version.c ****  *     * Redistributions in binary form must reproduce the above copyright
  14:user_app/git_version.c ****  *       notice, this list of conditions and the following disclaimer in the
  15:user_app/git_version.c ****  *       documentation and/or other materials provided with the distribution.
  16:user_app/git_version.c ****  *     * Neither the name of the Semtech corporation nor the
  17:user_app/git_version.c ****  *       names of its contributors may be used to endorse or promote products
  18:user_app/git_version.c ****  *       derived from this software without specific prior written permission.
  19:user_app/git_version.c ****  *
  20:user_app/git_version.c ****  * THIS SOFTWARE IS PROVIDED BY THE COPYRIGHT HOLDERS AND CONTRIBUTORS "AS IS"
  21:user_app/git_version.c ****  * AND ANY EXPRESS OR IMPLIED WARRANTIES, INCLUDING, BUT NOT LIMITED TO, THE
  22:user_app/git_version.c ****  * IMPLIED WARRANTIES OF MERCHANTABILITY AND FITNESS FOR A PARTICULAR PURPOSE
  23:user_app/git_version.c ****  * ARE DISCLAIMED. IN NO EVENT SHALL SEMTECH CORPORATION BE LIABLE FOR ANY DIRECT,
  24:user_app/git_version.c ****  * INDIRECT, INCIDENTAL, SPECIAL, EXEMPLARY, OR CONSEQUENTIAL DAMAGES
  25:user_app/git_version.c ****  * (INCLUDING, BUT NOT LIMITED TO, PROCUREMENT OF SUBSTITUTE GOODS OR SERVICES;
  26:user_app/git_version.c ****  * LOSS OF USE, DATA, OR PROFITS; OR BUSINESS INTERRUPTION) HOWEVER CAUSED AND
  27:user_app/git_version.c ****  * ON ANY THEORY OF LIABILITY, WHETHER IN CONTRACT, STRICT LIABILITY, OR TORT
  28:user_app/git_version.c ****  * (INCLUDING NEGLIGENCE OR OTHERWISE) ARISING IN ANY WAY OUT OF THE USE OF THIS
  29:user_app/git_version.c ****  * SOFTWARE, EVEN IF ADVISED OF THE POSSIBILITY OF SUCH DAMAGE.
  30:user_app/git_version.c ****  */
  31:user_app/git_version.c **** 
ARM GAS  /var/folders/bq/yv49bw8j2kd6w3hsq868qv180000gn/T//ccF8g7hh.s 			page 2


  32:user_app/git_version.c **** /*
  33:user_app/git_version.c ****  * -----------------------------------------------------------------------------
  34:user_app/git_version.c ****  * --- DEPENDENCIES ------------------------------------------------------------
  35:user_app/git_version.c ****  */
  36:user_app/git_version.c **** 
  37:user_app/git_version.c **** #include <stdint.h>   // C99 types
  38:user_app/git_version.c **** #include <stdbool.h>  // bool type
  39:user_app/git_version.c **** 
  40:user_app/git_version.c **** #include "git_version.h"
  41:user_app/git_version.c **** 
  42:user_app/git_version.c **** /*
  43:user_app/git_version.c ****  * -----------------------------------------------------------------------------
  44:user_app/git_version.c ****  * --- PUBLIC FUNCTIONS DEFINITION ---------------------------------------------
  45:user_app/git_version.c ****  */
  46:user_app/git_version.c **** 
  47:user_app/git_version.c **** const char* get_software_git_version( void )
  48:user_app/git_version.c **** {
  28              		.loc 1 48 1 view -0
  29              		.cfi_startproc
  30              		@ args = 0, pretend = 0, frame = 0
  31              		@ frame_needed = 0, uses_anonymous_args = 0
  32              		@ link register save eliminated.
  49:user_app/git_version.c ****     return GIT_VERSION;
  33              		.loc 1 49 5 view .LVU1
  50:user_app/git_version.c **** }
  34              		.loc 1 50 1 is_stmt 0 view .LVU2
  35 0000 0048     		ldr	r0, .L2
  36              		@ sp needed
  37 0002 7047     		bx	lr
  38              	.L3:
  39              		.align	2
  40              	.L2:
  41 0004 00000000 		.word	.LC0
  42              		.cfi_endproc
  43              	.LFE0:
  45              		.section	.text.get_software_git_commit,"ax",%progbits
  46              		.align	1
  47              		.global	get_software_git_commit
  48              		.syntax unified
  49              		.code	16
  50              		.thumb_func
  51              		.fpu softvfp
  53              	get_software_git_commit:
  54              	.LFB5:
  55              		.cfi_startproc
  56              		@ args = 0, pretend = 0, frame = 0
  57              		@ frame_needed = 0, uses_anonymous_args = 0
  58              		@ link register save eliminated.
  59 0000 0048     		ldr	r0, .L5
  60              		@ sp needed
  61 0002 7047     		bx	lr
  62              	.L6:
  63              		.align	2
  64              	.L5:
  65 0004 00000000 		.word	.LC0
  66              		.cfi_endproc
  67              	.LFE5:
ARM GAS  /var/folders/bq/yv49bw8j2kd6w3hsq868qv180000gn/T//ccF8g7hh.s 			page 3


  69              		.section	.text.get_software_git_date,"ax",%progbits
  70              		.align	1
  71              		.global	get_software_git_date
  72              		.syntax unified
  73              		.code	16
  74              		.thumb_func
  75              		.fpu softvfp
  77              	get_software_git_date:
  78              	.LFB7:
  79              		.cfi_startproc
  80              		@ args = 0, pretend = 0, frame = 0
  81              		@ frame_needed = 0, uses_anonymous_args = 0
  82              		@ link register save eliminated.
  83 0000 0048     		ldr	r0, .L8
  84              		@ sp needed
  85 0002 7047     		bx	lr
  86              	.L9:
  87              		.align	2
  88              	.L8:
  89 0004 00000000 		.word	.LC0
  90              		.cfi_endproc
  91              	.LFE7:
  93              		.section	.text.get_software_build_date,"ax",%progbits
  94              		.align	1
  95              		.global	get_software_build_date
  96              		.syntax unified
  97              		.code	16
  98              		.thumb_func
  99              		.fpu softvfp
 101              	get_software_build_date:
 102              	.LFB9:
 103              		.cfi_startproc
 104              		@ args = 0, pretend = 0, frame = 0
 105              		@ frame_needed = 0, uses_anonymous_args = 0
 106              		@ link register save eliminated.
 107 0000 0048     		ldr	r0, .L11
 108              		@ sp needed
 109 0002 7047     		bx	lr
 110              	.L12:
 111              		.align	2
 112              	.L11:
 113 0004 00000000 		.word	.LC0
 114              		.cfi_endproc
 115              	.LFE9:
 117              		.text
 118              	.Letext0:
ARM GAS  /var/folders/bq/yv49bw8j2kd6w3hsq868qv180000gn/T//ccF8g7hh.s 			page 4


DEFINED SYMBOLS
                            *ABS*:0000000000000000 git_version.c
/var/folders/bq/yv49bw8j2kd6w3hsq868qv180000gn/T//ccF8g7hh.s:17     .text.get_software_git_version:0000000000000000 $t
/var/folders/bq/yv49bw8j2kd6w3hsq868qv180000gn/T//ccF8g7hh.s:25     .text.get_software_git_version:0000000000000000 get_software_git_version
/var/folders/bq/yv49bw8j2kd6w3hsq868qv180000gn/T//ccF8g7hh.s:41     .text.get_software_git_version:0000000000000004 $d
/var/folders/bq/yv49bw8j2kd6w3hsq868qv180000gn/T//ccF8g7hh.s:46     .text.get_software_git_commit:0000000000000000 $t
/var/folders/bq/yv49bw8j2kd6w3hsq868qv180000gn/T//ccF8g7hh.s:53     .text.get_software_git_commit:0000000000000000 get_software_git_commit
/var/folders/bq/yv49bw8j2kd6w3hsq868qv180000gn/T//ccF8g7hh.s:65     .text.get_software_git_commit:0000000000000004 $d
/var/folders/bq/yv49bw8j2kd6w3hsq868qv180000gn/T//ccF8g7hh.s:70     .text.get_software_git_date:0000000000000000 $t
/var/folders/bq/yv49bw8j2kd6w3hsq868qv180000gn/T//ccF8g7hh.s:77     .text.get_software_git_date:0000000000000000 get_software_git_date
/var/folders/bq/yv49bw8j2kd6w3hsq868qv180000gn/T//ccF8g7hh.s:89     .text.get_software_git_date:0000000000000004 $d
/var/folders/bq/yv49bw8j2kd6w3hsq868qv180000gn/T//ccF8g7hh.s:94     .text.get_software_build_date:0000000000000000 $t
/var/folders/bq/yv49bw8j2kd6w3hsq868qv180000gn/T//ccF8g7hh.s:101    .text.get_software_build_date:0000000000000000 get_software_build_date
/var/folders/bq/yv49bw8j2kd6w3hsq868qv180000gn/T//ccF8g7hh.s:113    .text.get_software_build_date:0000000000000004 $d

NO UNDEFINED SYMBOLS
